android/app/build/intermediates/manifest_merge_blame_file/debug/manifest-merger-blame-debug-report.txt
1<?xml version="1.0" encoding="utf-8"?>
2<manifest xmlns:android="http://schemas.android.com/apk/res/android"
3    package="com.stayhome"
4    android:versionCode="1"
5    android:versionName="1.0" >
6
7    <uses-sdk
8        android:minSdkVersion="16"
9        android:targetSdkVersion="28" />
10
11    <uses-permission android:name="android.permission.SYSTEM_ALERT_WINDOW" />
11-->src/debug/AndroidManifest.xml:5:5-77
11-->src/debug/AndroidManifest.xml:5:22-75
12    <uses-permission android:name="android.permission.INTERNET" />
12-->src/main/AndroidManifest.xml:4:5-67
12-->src/main/AndroidManifest.xml:4:22-64
13    <uses-permission android:name="android.permission.ACCESS_NETWORK_STATE" />
13-->[com.google.android.gms:play-services-measurement-api:17.2.1] AndroidManifest.xml:23:5-79
13-->[com.google.android.gms:play-services-measurement-api:17.2.1] AndroidManifest.xml:23:22-76
14    <uses-permission android:name="android.permission.WAKE_LOCK" /> <!-- Required by older versions of Google Play services to create IID tokens -->
14-->[com.google.android.gms:play-services-measurement-api:17.2.1] AndroidManifest.xml:24:5-68
14-->[com.google.android.gms:play-services-measurement-api:17.2.1] AndroidManifest.xml:24:22-65
15    <uses-permission android:name="com.google.android.c2dm.permission.RECEIVE" />
15-->[com.google.firebase:firebase-iid:19.0.0] AndroidManifest.xml:26:5-82
15-->[com.google.firebase:firebase-iid:19.0.0] AndroidManifest.xml:26:22-79
16    <uses-permission android:name="com.google.android.finsky.permission.BIND_GET_INSTALL_REFERRER_SERVICE" />
16-->[com.google.android.gms:play-services-measurement:17.2.1] AndroidManifest.xml:26:5-110
16-->[com.google.android.gms:play-services-measurement:17.2.1] AndroidManifest.xml:26:22-107
17
18    <application
18-->src/main/AndroidManifest.xml:6:5-24:19
19        android:name="com.stayhome.MainApplication"
19-->src/main/AndroidManifest.xml:7:7-38
20        android:allowBackup="false"
20-->src/main/AndroidManifest.xml:11:7-34
21        android:appComponentFactory="androidx.core.app.CoreComponentFactory"
21-->[androidx.core:core:1.0.1] AndroidManifest.xml:22:18-86
22        android:debuggable="true"
23        android:icon="@mipmap/ic_launcher"
23-->src/main/AndroidManifest.xml:9:7-41
24        android:label="@string/app_name"
24-->src/main/AndroidManifest.xml:8:7-39
25        android:roundIcon="@mipmap/ic_launcher_round"
25-->src/main/AndroidManifest.xml:10:7-52
26        android:testOnly="true"
27        android:theme="@style/AppTheme"
27-->src/main/AndroidManifest.xml:12:7-38
28        android:usesCleartextTraffic="true" >
28-->src/debug/AndroidManifest.xml:7:18-53
29        <activity
29-->src/main/AndroidManifest.xml:13:7-22:18
30            android:name="com.stayhome.MainActivity"
30-->src/main/AndroidManifest.xml:14:9-37
31            android:configChanges="keyboard|keyboardHidden|orientation|screenSize"
31-->src/main/AndroidManifest.xml:16:9-79
32            android:label="@string/app_name"
32-->src/main/AndroidManifest.xml:15:9-41
33            android:windowSoftInputMode="adjustResize" >
33-->src/main/AndroidManifest.xml:17:9-51
34            <intent-filter>
34-->src/main/AndroidManifest.xml:18:9-21:25
35                <action android:name="android.intent.action.MAIN" />
35-->src/main/AndroidManifest.xml:19:13-65
35-->src/main/AndroidManifest.xml:19:21-62
36
37                <category android:name="android.intent.category.LAUNCHER" />
37-->src/main/AndroidManifest.xml:20:13-73
37-->src/main/AndroidManifest.xml:20:23-70
38            </intent-filter>
39        </activity>
40        <activity android:name="com.facebook.react.devsupport.DevSettingsActivity" />
40-->src/main/AndroidManifest.xml:23:7-84
40-->src/main/AndroidManifest.xml:23:17-81
41
42        <service
42-->[com.google.android.gms:play-services-measurement-api:17.2.1] AndroidManifest.xml:27:9-33:19
43            android:name="com.google.firebase.components.ComponentDiscoveryService"
43-->[com.google.android.gms:play-services-measurement-api:17.2.1] AndroidManifest.xml:28:13-84
44            android:exported="false" >
44-->[com.google.android.gms:play-services-measurement-api:17.2.1] AndroidManifest.xml:29:13-37
45            <meta-data
45-->[com.google.android.gms:play-services-measurement-api:17.2.1] AndroidManifest.xml:30:13-32:85
46                android:name="com.google.firebase.components:com.google.firebase.analytics.connector.internal.AnalyticsConnectorRegistrar"
46-->[com.google.android.gms:play-services-measurement-api:17.2.1] AndroidManifest.xml:31:17-139
47                android:value="com.google.firebase.components.ComponentRegistrar" />
47-->[com.google.android.gms:play-services-measurement-api:17.2.1] AndroidManifest.xml:32:17-82
48            <meta-data
48-->[com.google.firebase:firebase-iid:19.0.0] AndroidManifest.xml:32:13-34:85
49                android:name="com.google.firebase.components:com.google.firebase.iid.Registrar"
49-->[com.google.firebase:firebase-iid:19.0.0] AndroidManifest.xml:33:17-96
50                android:value="com.google.firebase.components.ComponentRegistrar" />
50-->[com.google.firebase:firebase-iid:19.0.0] AndroidManifest.xml:34:17-82
51        </service>
52
53        <receiver
53-->[com.google.firebase:firebase-iid:19.0.0] AndroidManifest.xml:37:9-44:20
54            android:name="com.google.firebase.iid.FirebaseInstanceIdReceiver"
54-->[com.google.firebase:firebase-iid:19.0.0] AndroidManifest.xml:38:13-78
55            android:exported="true"
55-->[com.google.firebase:firebase-iid:19.0.0] AndroidManifest.xml:39:13-36
56            android:permission="com.google.android.c2dm.permission.SEND" >
56-->[com.google.firebase:firebase-iid:19.0.0] AndroidManifest.xml:40:13-73
57            <intent-filter>
57-->[com.google.firebase:firebase-iid:19.0.0] AndroidManifest.xml:41:13-43:29
58                <action android:name="com.google.android.c2dm.intent.RECEIVE" />
58-->[com.google.firebase:firebase-iid:19.0.0] AndroidManifest.xml:42:17-81
58-->[com.google.firebase:firebase-iid:19.0.0] AndroidManifest.xml:42:25-78
59            </intent-filter>
60        </receiver>
61
62        <provider
62-->[com.google.firebase:firebase-common:19.0.0] AndroidManifest.xml:12:9-16:39
63            android:name="com.google.firebase.provider.FirebaseInitProvider"
63-->[com.google.firebase:firebase-common:19.0.0] AndroidManifest.xml:13:13-77
64            android:authorities="com.stayhome.firebaseinitprovider"
64-->[com.google.firebase:firebase-common:19.0.0] AndroidManifest.xml:14:13-72
65            android:exported="false"
65-->[com.google.firebase:firebase-common:19.0.0] AndroidManifest.xml:15:13-37
66            android:initOrder="100" />
66-->[com.google.firebase:firebase-common:19.0.0] AndroidManifest.xml:16:13-36
67
68        <receiver
68-->[com.google.android.gms:play-services-measurement:17.2.1] AndroidManifest.xml:29:9-33:20
69            android:name="com.google.android.gms.measurement.AppMeasurementReceiver"
69-->[com.google.android.gms:play-services-measurement:17.2.1] AndroidManifest.xml:30:13-85
70            android:enabled="true"
70-->[com.google.android.gms:play-services-measurement:17.2.1] AndroidManifest.xml:31:13-35
71            android:exported="false" >
71-->[com.google.android.gms:play-services-measurement:17.2.1] AndroidManifest.xml:32:13-37
72        </receiver>
73        <receiver
73-->[com.google.android.gms:play-services-measurement:17.2.1] AndroidManifest.xml:34:9-42:20
74            android:name="com.google.android.gms.measurement.AppMeasurementInstallReferrerReceiver"
74-->[com.google.android.gms:play-services-measurement:17.2.1] AndroidManifest.xml:35:13-100
75            android:enabled="true"
75-->[com.google.android.gms:play-services-measurement:17.2.1] AndroidManifest.xml:36:13-35
76            android:exported="true"
76-->[com.google.android.gms:play-services-measurement:17.2.1] AndroidManifest.xml:37:13-36
77            android:permission="android.permission.INSTALL_PACKAGES" >
77-->[com.google.android.gms:play-services-measurement:17.2.1] AndroidManifest.xml:38:13-69
78            <intent-filter>
78-->[com.google.android.gms:play-services-measurement:17.2.1] AndroidManifest.xml:39:13-41:29
79                <action android:name="com.android.vending.INSTALL_REFERRER" />
79-->[com.google.android.gms:play-services-measurement:17.2.1] AndroidManifest.xml:40:17-79
79-->[com.google.android.gms:play-services-measurement:17.2.1] AndroidManifest.xml:40:25-76
80            </intent-filter>
81        </receiver>
82
83        <service
83-->[com.google.android.gms:play-services-measurement:17.2.1] AndroidManifest.xml:44:9-47:40
84            android:name="com.google.android.gms.measurement.AppMeasurementService"
84-->[com.google.android.gms:play-services-measurement:17.2.1] AndroidManifest.xml:45:13-84
85            android:enabled="true"
85-->[com.google.android.gms:play-services-measurement:17.2.1] AndroidManifest.xml:46:13-35
86            android:exported="false" />
86-->[com.google.android.gms:play-services-measurement:17.2.1] AndroidManifest.xml:47:13-37
87        <service
87-->[com.google.android.gms:play-services-measurement:17.2.1] AndroidManifest.xml:48:9-52:72
88            android:name="com.google.android.gms.measurement.AppMeasurementJobService"
88-->[com.google.android.gms:play-services-measurement:17.2.1] AndroidManifest.xml:49:13-87
89            android:enabled="true"
89-->[com.google.android.gms:play-services-measurement:17.2.1] AndroidManifest.xml:50:13-35
90            android:exported="false"
90-->[com.google.android.gms:play-services-measurement:17.2.1] AndroidManifest.xml:51:13-37
91            android:permission="android.permission.BIND_JOB_SERVICE" />
91-->[com.google.android.gms:play-services-measurement:17.2.1] AndroidManifest.xml:52:13-69
92
93        <activity
93-->[com.google.android.gms:play-services-base:17.0.0] AndroidManifest.xml:23:9-26:75
94            android:name="com.google.android.gms.common.api.GoogleApiActivity"
94-->[com.google.android.gms:play-services-base:17.0.0] AndroidManifest.xml:24:13-79
95            android:exported="false"
95-->[com.google.android.gms:play-services-base:17.0.0] AndroidManifest.xml:25:13-37
96            android:theme="@android:style/Theme.Translucent.NoTitleBar" />
96-->[com.google.android.gms:play-services-base:17.0.0] AndroidManifest.xml:26:13-72
97
98        <meta-data
98-->[com.google.android.gms:play-services-basement:17.0.0] AndroidManifest.xml:23:9-25:69
99            android:name="com.google.android.gms.version"
99-->[com.google.android.gms:play-services-basement:17.0.0] AndroidManifest.xml:24:13-58
100            android:value="@integer/google_play_services_version" />
100-->[com.google.android.gms:play-services-basement:17.0.0] AndroidManifest.xml:25:13-66
101    </application>
102
103</manifest>